ISim log file
Running: D:\Verilog projects\BoothAlgorithm\BoothMultp4x4_isim_beh.exe -intstyle ise -gui -tclbatch isim.cmd -wdb D:/Verilog projects/BoothAlgorithm/BoothMultp4x4_isim_beh.wdb 
ISim O.61xd (signature 0x6dd86d03)
----------------------------------------------------------------------
WARNING:Security:42 - Your software subscription period has lapsed. Your current version of Xilinx tools will continue to function, but you no longer qualify for Xilinx software updates or new releases.


----------------------------------------------------------------------
This is a Full version of ISim.
Time resolution is 1 ps
# onerror resume
# wave add /
# run 1000 ns
Simulator is doing circuit initialization process.
Finished circuit initialization process.
# restart
# isim force add /BoothMultp4x4/MR 1001 -radix bin
# isim force add /BoothMultp4x4/MR 1001 -radix bin
# isim force add /BoothMultp4x4/MR 1011 -radix bin
# isim force add /BoothMultp4x4/MR 1011 -radix bin
# isim force add /BoothMultp4x4/MD 1101 -radix bin
# isim force add /BoothMultp4x4/MD 1101 -radix bin
# run all
Simulator is doing circuit initialization process.
Finished circuit initialization process.
