ISim log file
Running: D:\Verilog projects\WallaceTree\WallaceTreeMultpr8x8_isim_beh.exe -intstyle ise -gui -tclbatch isim.cmd -wdb D:/Verilog projects/WallaceTree/WallaceTreeMultpr8x8_isim_beh.wdb 
ISim O.61xd (signature 0x6dd86d03)
----------------------------------------------------------------------
WARNING:Security:42 - Your software subscription period has lapsed. Your current version of Xilinx tools will continue to function, but you no longer qualify for Xilinx software updates or new releases.


----------------------------------------------------------------------
This is a Full version of ISim.
Time resolution is 1 ps
# onerror resume
# wave add /
# run 1000 ns
Simulator is doing circuit initialization process.
Finished circuit initialization process.
# restart
# isim force add /WallaceTreeMultpr8x8/A 11101100 -radix bin
# isim force add /WallaceTreeMultpr8x8/A 11101100 -radix bin
# isim force add /WallaceTreeMultpr8x8/B 11010110 -radix bin
# isim force add /WallaceTreeMultpr8x8/B 11010110 -radix bin
# run all
Simulator is doing circuit initialization process.
Finished circuit initialization process.
# restart
# isim force add /WallaceTreeMultpr8x8/A 10001111 -radix bin
# isim force add /WallaceTreeMultpr8x8/A 10001111 -radix bin
# isim force add /WallaceTreeMultpr8x8/B 01100111 -radix bin
# isim force add /WallaceTreeMultpr8x8/B 01100111 -radix bin
# run all
Simulator is doing circuit initialization process.
Finished circuit initialization process.
# restart
# isim force add /WallaceTreeMultpr8x8/A 00100111 -radix bin
# isim force add /WallaceTreeMultpr8x8/A 00100111 -radix bin
# isim force add /WallaceTreeMultpr8x8/B 00001101 -radix bin
# isim force add /WallaceTreeMultpr8x8/B 00001101 -radix bin
# run all
Simulator is doing circuit initialization process.
Finished circuit initialization process.
